<?xml version="1.1" encoding="UTF-8"?>
<testsuite name="org.imie.Sample" tests="2" failures="0" errors="0" timestamp="2013-08-20T12:34:29" hostname="imie-VirtualBox" time="0.013">
  <properties/>
  <testcase name="test" classname="org.imie.Sample" time="0.007"/>
  <testcase name="test2" classname="org.imie.Sample" time="0.0"/>
  <system-out><![CDATA[]]></system-out>
  <system-err><![CDATA[]]></system-err>
</testsuite>
